\BOOKMARK [1][-]{section.1}{\376\377\377\073\232\154\123\237\377\075\232\154\121\113\140\035\116\073\116\111\127\372\147\054\123\237\164\006\151\202\213\272}{}% 1
\BOOKMARK [2][-]{subsection.1.1}{\376\377\0000\0000\0001\000-\124\362\133\146\127\372\147\054\225\356\230\230\123\312\121\166\121\205\133\271\377\010\133\371\124\362\133\146\166\204\122\022\122\006\377\011}{section.1}% 2
\BOOKMARK [2][-]{subsection.1.2}{\376\377\0000\0000\0002\000-\124\362\133\146\166\204\121\166\116\326\122\022\122\006}{section.1}% 3
\BOOKMARK [2][-]{subsection.1.3}{\376\377\0000\0000\0003\000-\162\151\215\050\116\016\217\320\122\250}{section.1}% 4
\BOOKMARK [2][-]{subsection.1.4}{\376\377\0000\0000\0004\000-\145\366\225\364\116\016\172\172\225\364}{section.1}% 5
\BOOKMARK [2][-]{subsection.1.5}{\376\377\0000\0000\0005\000-\141\017\213\306\166\204\215\167\156\220\116\016\147\054\215\050}{section.1}% 6
\BOOKMARK [2][-]{subsection.1.6}{\376\377\0000\0000\0006\000-\141\017\213\306\166\204\162\171\137\201}{section.1}% 7
\BOOKMARK [2][-]{subsection.1.7}{\376\377\0000\0000\0007\000-\116\272\174\173\171\076\117\032\116\016\201\352\161\066\165\114}{section.1}% 8
\BOOKMARK [2][-]{subsection.1.8}{\376\377\0000\0000\0008\000-\123\321\134\125\166\204\133\236\215\050}{section.1}% 9
\BOOKMARK [2][-]{subsection.1.9}{\376\377\0000\0000\0009\000-\221\317\123\330\116\016\215\050\123\330}{section.1}% 10
\BOOKMARK [2][-]{subsection.1.10}{\376\377\0000\0001\0000\000-\133\371\172\313\176\337\116\000\211\304\137\213}{section.1}% 11
\BOOKMARK [2][-]{subsection.1.11}{\376\377\0000\0001\0001\000-\200\257\133\232\116\016\124\046\133\232}{section.1}% 12
\BOOKMARK [2][-]{subsection.1.12}{\376\377\0000\0001\0002\000-\137\305\161\066\116\016\120\166\161\066}{section.1}% 13
\BOOKMARK [2][-]{subsection.1.13}{\376\377\0000\0001\0003\000-\163\260\214\141\116\016\147\054\215\050}{section.1}% 14
\BOOKMARK [2][-]{subsection.1.14}{\376\377\0000\0001\0004\000-\123\357\200\375\116\016\163\260\133\236}{section.1}% 15
\BOOKMARK [2][-]{subsection.1.15}{\376\377\0000\0001\0005\000-\211\304\137\213\123\312\121\166\133\242\211\302\140\047}{section.1}% 16
\BOOKMARK [2][-]{subsection.1.16}{\376\377\0000\0001\0006\000-\201\352\161\066\211\304\137\213\124\214\171\076\117\032\211\304\137\213}{section.1}% 17
\BOOKMARK [2][-]{subsection.1.17}{\376\377\0000\0001\0007\000-\133\242\211\302\211\304\137\213\140\047\124\214\116\073\211\302\200\375\122\250\140\047}{section.1}% 18
\BOOKMARK [2][-]{subsection.1.18}{\376\377\0000\0001\0008\000-\123\357\167\345\213\272\166\204\116\044\116\052\133\371\172\313}{section.1}% 19
\BOOKMARK [2][-]{subsection.1.19}{\376\377\0000\0001\0009\000-\133\236\215\365\123\312\121\166\124\214\213\244\213\306\166\204\121\163\174\373}{section.1}% 20
\BOOKMARK [2][-]{subsection.1.20}{\376\377\0000\0002\0000\000-\213\244\213\306\123\321\134\125\217\307\172\013\166\204\116\044\153\041\230\336\215\303}{section.1}% 21
\BOOKMARK [2][-]{subsection.1.21}{\376\377\0000\0002\0001\000-\213\244\213\306\217\307\172\013\166\204\164\006\140\047\126\340\175\040\124\214\227\136\164\006\140\047\126\340\175\040}{section.1}% 22
\BOOKMARK [2][-]{subsection.1.22}{\376\377\0000\0002\0002\000-\167\037\164\006\123\312\121\166\133\242\211\302\140\047\377\010\116\000\121\103\140\047\377\011}{section.1}% 23
\BOOKMARK [2][-]{subsection.1.23}{\376\377\0000\0002\0003\000-\167\037\164\006\166\204\176\335\133\371\140\047\116\016\166\370\133\371\140\047}{section.1}% 24
\BOOKMARK [2][-]{subsection.1.24}{\376\377\0000\0002\0004\000-\167\037\164\006\116\016\214\054\213\357}{section.1}% 25
\BOOKMARK [2][-]{subsection.1.25}{\376\377\0000\0002\0005\000-\125\057\162\151\123\362\211\302\124\214\125\057\137\303\123\362\211\302\166\204\133\371\172\313}{section.1}% 26
\BOOKMARK [2][-]{subsection.1.26}{\376\377\0000\0002\0006\000-\171\076\117\032\133\130\127\050\124\214\171\076\117\032\141\017\213\306\123\312\121\166\121\163\174\373}{section.1}% 27
\BOOKMARK [2][-]{subsection.1.27}{\376\377\0000\0002\0007\000-\165\037\116\247\145\271\137\017}{section.1}% 28
\BOOKMARK [2][-]{subsection.1.28}{\376\377\0000\0002\0008\000-\165\037\116\247\122\233\124\214\165\037\116\247\121\163\174\373}{section.1}% 29
\BOOKMARK [2][-]{subsection.1.29}{\376\377\0000\0002\0009\000-\176\317\155\116\127\372\170\100\116\016\116\012\134\102\136\372\173\121}{section.1}% 30
\BOOKMARK [2][-]{subsection.1.30}{\376\377\0000\0003\0000\000-\121\166\116\326\122\250\122\233}{section.1}% 31
\BOOKMARK [2][-]{subsection.1.31}{\376\377\0000\0003\0001\000-\171\076\117\032\137\142\140\001\123\312\121\166\123\321\134\125}{section.1}% 32
\BOOKMARK [2][-]{subsection.1.32}{\376\377\0000\0003\0002\000-\171\076\117\032\137\142\140\001\146\364\146\377\166\204\162\171\160\271}{section.1}% 33
\BOOKMARK [2][-]{subsection.1.33}{\376\377\0000\0003\0003\000-\126\375\133\266\166\204\215\167\156\220\124\214\133\236\215\050}{section.1}% 34
\BOOKMARK [2][-]{subsection.1.34}{\376\377\0000\0003\0004\000-\116\272\154\021\177\244\117\027\116\016\202\361\226\304\116\272\162\151\166\204\121\163\174\373}{section.1}% 35
\BOOKMARK [2][-]{subsection.1.35}{\376\377\0000\0003\0005\000-\122\263\122\250\116\214\221\315\140\047}{section.1}% 36
\BOOKMARK [2][-]{subsection.1.36}{\376\377\0000\0003\0006\000-\125\106\124\301\116\214\126\340\175\040}{section.1}% 37
\BOOKMARK [2][-]{subsection.1.37}{\376\377\0000\0003\0007\000-\215\047\136\001\164\006\213\272}{section.1}% 38
\BOOKMARK [2][-]{subsection.1.38}{\376\377\0000\0003\0008\000-\116\367\120\074\116\016\116\367\150\074\121\163\174\373}{section.1}% 39
\BOOKMARK [2][-]{subsection.1.39}{\376\377\0000\0003\0009\000-\122\263\122\250\122\233\217\154\123\026\116\072\125\106\124\301\124\214\215\047\136\001\217\154\123\026\116\072\215\104\147\054}{section.1}% 40
\BOOKMARK [2][-]{subsection.1.40}{\376\377\0000\0004\0000\000-\215\104\147\054\116\073\116\111\142\100\147\011\122\066\124\214\135\345\215\104\166\204\147\054\215\050}{section.1}% 41
\BOOKMARK [2][-]{subsection.1.41}{\376\377\0000\0004\0001\000-\215\104\147\054\164\006\213\272}{section.1}% 42
\BOOKMARK [2][-]{subsection.1.42}{\376\377\0000\0004\0002\000-\122\151\117\131\116\367\120\074}{section.1}% 43
\BOOKMARK [2][-]{subsection.1.43}{\376\377\0000\0004\0003\000-\142\151\131\047\121\215\165\037\116\247\116\016\215\104\147\054\171\357\175\057}{section.1}% 44
\BOOKMARK [2][-]{subsection.1.44}{\376\377\0000\0004\0004\000-\215\104\147\054\166\204\147\011\147\072\147\204\142\020}{section.1}% 45
\BOOKMARK [2][-]{subsection.1.45}{\376\377\0000\0004\0005\000-\215\104\147\054\116\073\116\111\171\076\117\032\166\204\127\372\147\054\167\333\166\376\116\016\176\317\155\116\123\161\147\072}{section.1}% 46
\BOOKMARK [2][-]{subsection.1.46}{\376\377\0000\0004\0006\000-\215\104\147\054\166\204\137\252\163\257\116\016\124\150\217\154}{section.1}% 47
\BOOKMARK [2][-]{subsection.1.47}{\376\377\0000\0004\0007\000-\136\163\127\107\122\051\155\246\116\016\165\037\116\247\116\367\150\074}{section.1}% 48
\BOOKMARK [2][-]{subsection.1.48}{\376\377\0000\0004\0008\000-\215\104\147\054\116\073\116\111\116\247\165\037\166\204\116\247\165\037\116\016\123\237\131\313\171\357\175\057}{section.1}% 49
\BOOKMARK [2][-]{subsection.1.49}{\376\377\0000\0004\0009\000-\215\104\147\054\116\073\116\111\166\204\145\077\154\273\122\066\136\246\124\214\141\017\213\306\137\142\140\001}{section.1}% 50
\BOOKMARK [2][-]{subsection.1.50}{\376\377\0000\0005\0000\000-\127\204\145\255\116\016\172\336\116\211}{section.1}% 51
\BOOKMARK [2][-]{subsection.1.51}{\376\377\0000\0005\0001\000-\221\321\207\215\215\104\147\054\124\214\127\204\145\255\122\051\155\246}{section.1}% 52
\BOOKMARK [2][-]{subsection.1.52}{\376\377\0000\0005\0002\000-\127\204\145\255\215\104\147\054\116\316\126\375\133\266\215\160\124\021\121\150\164\003}{section.1}% 53
\BOOKMARK [2][-]{subsection.1.53}{\376\377\0000\0005\0003\000-\137\123\116\343\215\104\147\054\116\073\116\111\123\330\123\026\166\204\210\150\163\260}{section.1}% 54
\BOOKMARK [2][-]{subsection.1.54}{\376\377\0000\0005\0004\000-\137\123\116\343\215\104\147\054\116\073\116\111\123\330\123\026\166\204\123\237\126\340\124\214\133\236\215\050}{section.1}% 55
\BOOKMARK [2][-]{subsection.1.55}{\376\377\0000\0005\0005\000-\215\104\147\054\116\073\116\111\166\204\123\206\123\362\127\060\117\115}{section.1}% 56
\BOOKMARK [2][-]{subsection.1.56}{\376\377\0000\0005\0006\000-\172\172\140\363\171\076\117\032\116\073\116\111}{section.1}% 57
\BOOKMARK [2][-]{subsection.1.57}{\376\377\0000\0005\0007\000-\171\321\133\146\171\076\117\032\116\073\116\111}{section.1}% 58
\BOOKMARK [2][-]{subsection.1.58}{\376\377\0000\0005\0008\000-\123\101\147\010\227\151\124\175\116\016\122\027\133\201\145\366\147\037\166\204\143\242\175\042}{section.1}% 59
\BOOKMARK [2][-]{subsection.1.59}{\376\377\0000\0005\0009\000-\171\076\117\032\116\073\116\111\123\321\134\125\166\204\140\047\215\050}{section.1}% 60
\BOOKMARK [2][-]{subsection.1.60}{\376\377\0000\0006\0000\000-\145\340\116\247\226\066\176\247\145\077\121\132\123\312\121\166\117\134\165\050}{section.1}% 61
\BOOKMARK [2][-]{subsection.1.61}{\376\377\0000\0006\0001\000-\154\325\137\213\166\204\217\320\210\114}{section.1}% 62
\BOOKMARK [2][-]{subsection.1.62}{\376\377\0000\0006\0002\000-\142\021\126\375\166\204\126\375\133\266\122\066\136\246}{section.1}% 63
\BOOKMARK [2][-]{subsection.1.63}{\376\377\0000\0006\0003\000-\121\154\154\021\166\204\127\372\147\054\147\103\122\051\124\214\116\111\122\241}{section.1}% 64
\BOOKMARK [2][-]{subsection.1.64}{\376\377\0000\0006\0004\000-\171\076\117\032\116\073\116\111\154\325\154\273\211\302\137\365\166\204\127\372\147\054\121\205\133\271}{section.1}% 65
\BOOKMARK [2][-]{subsection.1.65}{\376\377\0000\0006\0005\000-\154\325\154\273\140\035\176\364\166\204\124\053\116\111\060\001\162\171\137\201}{section.1}% 66
\BOOKMARK [2][-]{subsection.1.66}{\376\377\0000\0006\0006\000-\134\012\221\315\154\325\137\213\147\103\132\001\166\204\127\372\147\054\211\201\154\102}{section.1}% 67
\BOOKMARK [2][-]{subsection.1.67}{\376\377\0000\0006\0007\000-\145\260\145\207\123\026\217\320\122\250\166\204\121\205\133\271\124\214\141\017\116\111}{section.1}% 68
\BOOKMARK [2][-]{subsection.1.68}{\376\377\0000\0006\0008\000-\116\224\126\333\217\320\122\250\123\312\121\166\141\017\116\111}{section.1}% 69
\BOOKMARK [2][-]{subsection.1.69}{\376\377\0000\0006\0009\000-\123\101\147\010\227\151\124\175\166\204\137\161\124\315\116\016\145\260\154\021\116\073\116\073\116\111\227\151\124\175\166\204\137\000\172\357}{section.1}% 70
\BOOKMARK [2][-]{subsection.1.70}{\376\377\0000\0007\0000\000-\116\055\126\375\121\161\116\247\121\132\166\204\142\020\172\313}{section.1}% 71
\BOOKMARK [2][-]{subsection.1.71}{\376\377\0000\0007\0001\000-\116\055\126\375\121\161\116\247\121\132\166\204\145\351\147\037\217\320\122\250}{section.1}% 72
\BOOKMARK [2][-]{subsection.1.72}{\376\377\0000\0007\0002\000-\126\375\121\161\124\010\117\134\166\204\137\142\142\020}{section.1}% 73
\BOOKMARK [2][-]{subsection.1.73}{\376\377\0000\0007\0003\000-\131\047\227\151\124\175\166\204\141\017\116\111\377\014\131\061\215\045\123\237\126\340\124\214\145\131\213\255}{section.1}% 74
\BOOKMARK [2][-]{subsection.1.74}{\376\377\0000\0007\0004\000-\126\375\154\021\121\132\166\204\176\337\154\273\124\214\123\315\142\227\126\375\154\021\121\132\166\204\145\227\116\211}{section.1}% 75
\BOOKMARK [2][-]{subsection.1.75}{\376\377\0000\0007\0005\000-\227\151\124\175\145\260\220\123\215\357\166\204\143\242\175\042}{section.1}% 76
\BOOKMARK [2][-]{subsection.1.76}{\376\377\0000\0007\0006\000-\127\037\127\060\227\151\124\175}{section.1}% 77
\BOOKMARK [2][-]{subsection.1.77}{\376\377\0000\0007\0007\000-\040\034\135\346\040\035\166\204\225\031\213\357\166\204\123\161\133\263}{section.1}% 78
\BOOKMARK [2][-]{subsection.1.78}{\376\377\0000\0007\0008\000-\220\165\116\111\117\032\213\256\116\016\225\177\137\201\200\334\122\051}{section.1}% 79
\BOOKMARK [2][-]{subsection.1.79}{\376\377\0000\0007\0009\000-\211\177\133\211\116\213\123\330\116\016\142\227\145\345\154\021\145\317\176\337\116\000\142\030\176\277\166\204\137\142\142\020}{section.1}% 80
\BOOKMARK [2][-]{subsection.1.80}{\376\377\0000\0008\0000\000-\153\143\227\142\142\030\127\072\116\016\145\114\124\016\142\030\127\072}{section.1}% 81
\BOOKMARK [2][-]{subsection.1.81}{\376\377\0000\0008\0001\000-\121\161\116\247\121\132\176\364\142\244\176\337\116\000\142\030\176\277\166\204\173\126\165\145}{section.1}% 82
\BOOKMARK [2][-]{subsection.1.82}{\376\377\0000\0008\0002\000-\150\071\143\156\127\060\136\372\213\276}{section.1}% 83
\BOOKMARK [2][-]{subsection.1.83}{\376\377\0000\0008\0003\000-\121\132\166\204\136\372\213\276\116\016\136\366\133\211\145\164\230\316}{section.1}% 84
\BOOKMARK [2][-]{subsection.1.84}{\376\377\0000\0008\0004\000-\142\227\142\030\166\204\200\334\122\051\116\016\116\055\126\375\127\050\116\214\142\030\116\055\166\204\127\060\117\115}{section.1}% 85
\BOOKMARK [2][-]{subsection.1.85}{\376\377\0000\0008\0005\000-\142\227\145\345\142\030\116\211\200\334\122\051\166\204\141\017\116\111\060\001\123\237\126\340\124\214\127\372\147\054\176\317\232\214}{section.1}% 86
\BOOKMARK [2][-]{subsection.1.86}{\376\377\0000\0008\0006\000-\145\260\154\021\116\073\116\073\116\111\171\076\117\032\166\204\140\047\215\050}{section.1}% 87
\BOOKMARK [2][-]{subsection.1.87}{\376\377\0000\0008\0007\000-\133\371\121\234\116\032\142\113\135\345\116\032\166\204\145\071\220\040}{section.1}% 88
\BOOKMARK [2][-]{subsection.1.88}{\376\377\0000\0008\0008\000-\171\076\117\032\116\073\116\111\122\066\136\246\166\204\170\156\172\313\123\312\121\166\141\017\116\111}{section.1}% 89
\BOOKMARK [2][-]{subsection.1.89}{\376\377\0000\0008\0009\000-\232\154\121\113\140\035\116\073\116\111\116\055\126\375\123\026\166\204\143\320\121\372\116\016\121\205\155\265}{section.1}% 90
\BOOKMARK [1][-]{section.2}{\376\377\377\073\153\333\116\055\162\171\377\075\153\333\154\375\116\034\140\035\140\363\124\214\116\055\126\375\162\171\202\162\171\076\117\032\116\073\116\111\164\006\213\272\117\123\174\373}{}% 91
\BOOKMARK [2][-]{subsection.2.1}{\376\377\0000\0009\0000\000-\153\333\154\375\116\034\140\035\140\363\166\204\137\142\142\020\217\307\172\013}{section.2}% 92
\BOOKMARK [2][-]{subsection.2.2}{\376\377\0000\0009\0001\000-\153\333\154\375\116\034\140\035\140\363\166\204\121\205\133\271\116\016\213\304\116\367}{section.2}% 93
\BOOKMARK [2][-]{subsection.2.3}{\376\377\0000\0009\0002\000-\217\321\116\343\116\055\126\375\166\204\127\372\147\054\126\375\140\305\116\016\116\247\165\037\123\237\126\340}{section.2}% 94
\BOOKMARK [2][-]{subsection.2.4}{\376\377\0000\0009\0004\000-\145\260\154\021\116\073\116\073\116\111\227\151\124\175\166\204\122\250\122\233\116\016\230\206\133\374}{section.2}% 95
\BOOKMARK [2][-]{subsection.2.5}{\376\377\0000\0009\0005\000-\145\260\154\021\116\073\116\073\116\111\227\151\124\175\166\204\122\115\220\024\116\016\116\044\171\315\225\031\213\357\120\076\124\021}{section.2}% 96
\BOOKMARK [2][-]{subsection.2.6}{\376\377\0000\0009\0006\000-\145\077\154\273\176\262\230\206}{section.2}% 97
\BOOKMARK [2][-]{subsection.2.7}{\376\377\0000\0009\0007\000-\145\207\123\026\176\262\230\206}{section.2}% 98
\BOOKMARK [2][-]{subsection.2.8}{\376\377\0000\0009\0008\000-\145\260\154\021\116\073\116\073\116\111\171\076\117\032\166\204\176\317\155\116\060\001\145\077\154\273\124\214\145\207\123\026}{section.2}% 99
\BOOKMARK [2][-]{subsection.2.9}{\376\377\0000\0009\0009\000-\217\307\156\041\145\366\147\037\140\073\215\357\176\277\166\204\143\320\121\372\217\307\172\013}{section.2}% 100
\BOOKMARK [2][-]{subsection.2.10}{\376\377\0001\0000\0000\000-\171\076\117\032\116\073\116\111\122\066\136\246\166\204\170\156\172\313\123\312\121\166\141\017\116\111}{section.2}% 101
\BOOKMARK [2][-]{subsection.2.11}{\376\377\0001\0000\0001\000-\145\071\227\151\166\204\140\047\215\050}{section.2}% 102
\BOOKMARK [2][-]{subsection.2.12}{\376\377\0001\0000\0002\000-\124\214\136\163\176\337\116\000\060\001\116\000\126\375\116\044\122\066\140\035\140\363\166\204\143\320\121\372\060\001\121\205\133\271\116\016\141\017\116\111}{section.2}% 103
\BOOKMARK [2][-]{subsection.2.13}{\376\377\0001\0000\0003\000-\232\154\121\113\140\035\116\073\116\111\166\204\122\033\172\313}{section.2}% 104
\BOOKMARK [2][-]{subsection.2.14}{\376\377\0001\0000\0004\000-\232\154\121\113\140\035\116\073\116\111\166\204\234\234\146\016\162\171\137\201}{section.2}% 105
\BOOKMARK [2][-]{subsection.2.15}{\376\377\0001\0000\0005\000-\232\154\121\113\140\035\116\073\116\111\127\372\147\054\123\237\164\006}{section.2}% 106
\BOOKMARK [2][-]{subsection.2.16}{\376\377\0001\0000\0006\000-\201\352\211\311\133\146\116\140\124\214\217\320\165\050\232\154\121\113\140\035\116\073\116\111}{section.2}% 107
\BOOKMARK [2][-]{subsection.2.17}{\376\377\0001\0000\0007\000-\125\057\162\151\116\073\116\111\124\214\125\057\137\303\116\073\116\111}{section.2}% 108
\BOOKMARK [2][-]{subsection.2.18}{\376\377\0001\0000\0008\000-\121\150\227\142\117\235\154\325\154\273\126\375\166\204\127\372\147\054\150\074\134\100}{section.2}% 109
\BOOKMARK [2][-]{subsection.2.19}{\376\377\0001\0000\0009\000-\125\057\162\151\217\251\213\301\154\325\116\016\040\034\126\333\116\052\121\150\227\142\040\035\142\030\165\145\140\035\140\363}{section.2}% 110
\BOOKMARK [2][-]{subsection.2.20}{\376\377\0001\0001\0000\000-\154\325\137\213\147\103\122\051}{section.2}% 111
\BOOKMARK [2][-]{subsection.2.21}{\376\377\0001\0001\0001\000-\154\325\137\213\147\103\122\051\116\016\154\325\137\213\116\111\122\241\166\204\121\163\174\373}{section.2}% 112
\BOOKMARK [2][-]{subsection.2.22}{\376\377\0001\0001\0003\000-\116\055\126\375\162\171\202\162\171\076\117\032\116\073\116\111\154\325\137\213\117\123\174\373\166\204\141\017\116\111\124\214\121\205\133\271}{section.2}% 113
\BOOKMARK [2][-]{subsection.2.23}{\376\377\0001\0001\0004\000-\142\021\126\375\166\204\133\236\117\123\154\325\137\213\220\350\225\350}{section.2}% 114
\BOOKMARK [2][-]{subsection.2.24}{\376\377\0001\0001\0005\000-\130\236\137\072\217\251\213\301\140\035\176\364\200\375\122\233}{section.2}% 115
\BOOKMARK [2][-]{subsection.2.25}{\376\377\0001\0001\0006\000-\213\244\213\306\116\026\165\114\124\214\145\071\220\040\116\026\165\114\137\305\227\000\122\307\116\216\122\033\145\260}{section.2}% 116
\BOOKMARK [2][-]{subsection.2.26}{\376\377\0001\0001\0007\000-\162\151\215\050\165\037\116\247\145\271\137\017\146\057\171\076\117\032\123\321\134\125\166\204\127\372\170\100}{section.2}% 117
\BOOKMARK [2][-]{subsection.2.27}{\376\377\0001\0001\0008\000-\221\321\207\215\127\204\145\255\215\104\147\054\166\204\123\321\134\125}{section.2}% 118
\BOOKMARK [2][-]{subsection.2.28}{\376\377\0001\0001\0009\000-\171\321\133\146\171\076\117\032\116\073\116\111\127\372\147\054\123\237\122\031\166\204\116\073\211\201\121\205\133\271}{section.2}% 119
\BOOKMARK [2][-]{subsection.2.29}{\376\377\0001\0002\0000\000-\133\236\215\365\166\204\147\054\215\050\060\001\127\372\147\054\162\171\137\201\124\214\127\372\147\054\137\142\137\017}{section.2}% 120
\BOOKMARK [2][-]{subsection.2.30}{\376\377\0001\0002\0002\000-\133\214\125\204\165\037\140\001\145\207\146\016\122\066\136\246\117\123\174\373}{section.2}% 121
\BOOKMARK [2][-]{subsection.2.31}{\376\377\0001\0002\0003\000-\121\161\116\247\116\073\116\111\166\204\127\372\147\054\162\171\137\201}{section.2}% 122
\BOOKMARK [2][-]{subsection.2.32}{\376\377\0001\0002\0004\000-\167\037\164\006\225\356\230\230\213\250\213\272\116\016\123\101\116\000\134\112\116\011\116\055\121\150\117\032}{section.2}% 123
\BOOKMARK [2][-]{subsection.2.33}{\376\377\0001\0002\0005\000-\121\234\147\121\145\071\227\151\060\001\126\333\230\171\127\372\147\054\123\237\122\031\124\214\171\321\133\146\213\304\116\367\153\333\154\375\116\034\140\035\140\363}{section.2}% 124
\BOOKMARK [2][-]{subsection.2.34}{\376\377\0001\0002\0006\000-\116\055\121\161\123\101\116\214\131\047\060\001\123\101\116\011\131\047\060\001\123\101\126\333\131\047\116\016\123\127\145\271\214\010\213\335\060\001\123\101\116\224\131\047}{section.2}% 125
\BOOKMARK [2][-]{subsection.2.35}{\376\377\0001\0002\0007\000-\125\106\124\301\176\317\155\116}{section.2}% 126
\BOOKMARK [2][-]{subsection.2.36}{\376\377\0001\0002\0008\000-\125\106\124\301\176\317\155\116\116\247\165\037\166\204\147\141\116\366}{section.2}% 127
\BOOKMARK [2][-]{subsection.2.37}{\376\377\0001\0002\0009\000-\215\104\147\054\116\073\116\111\165\037\116\247\121\163\174\373\166\204\116\247\165\037}{section.2}% 128
\BOOKMARK [2][-]{subsection.2.38}{\376\377\0001\0003\0000\000-\215\104\147\054\116\073\116\111\166\204\165\037\116\247\217\307\172\013}{section.2}% 129
\BOOKMARK [2][-]{subsection.2.39}{\376\377\0001\0003\0001\000-\121\166\116\326\164\006\213\272\142\020\147\234}{section.2}% 130
\BOOKMARK [2][-]{subsection.2.40}{\376\377\0001\0003\0002\000-\116\055\126\375\162\171\202\162\171\076\117\032\116\073\116\111\140\073\136\003\134\100\123\206\123\362\126\336\230\176}{section.2}% 131
\BOOKMARK [1][-]{section.3}{\376\377\377\073\123\362\176\262\377\075\116\055\126\375\217\321\163\260\116\343\123\362\176\262\211\201}{}% 132
\BOOKMARK [2][-]{subsection.3.1}{\376\377\0001\0003\0003\000-\136\035\126\375\116\073\116\111\166\204\117\265\165\145}{section.3}% 133
\BOOKMARK [2][-]{subsection.3.2}{\376\377\0001\0003\0004\000-\217\321\116\343\171\076\117\032\166\204\140\047\215\050}{section.3}% 134
\BOOKMARK [2][-]{subsection.3.3}{\376\377\0001\0003\0005\000-\123\315\142\227\131\026\145\317\117\265\165\145\166\204\145\227\116\211}{section.3}% 135
\BOOKMARK [2][-]{subsection.3.4}{\376\377\0001\0003\0006\000-\123\315\117\265\165\145\142\030\116\211\166\204\131\061\215\045\124\214\154\021\145\317\141\017\213\306\166\204\211\311\221\222}{section.3}% 136
\BOOKMARK [2][-]{subsection.3.5}{\376\377\0001\0003\0007\000-\155\013\122\241\217\320\122\250}{section.3}% 137
\BOOKMARK [2][-]{subsection.3.6}{\376\377\0001\0003\0008\000-\176\364\145\260\217\320\122\250}{section.3}% 138
\BOOKMARK [2][-]{subsection.3.7}{\376\377\0001\0003\0009\000-\217\233\116\245\227\151\124\175\166\204\140\047\215\050\116\016\145\351\147\037\135\345\117\134}{section.3}% 139
\BOOKMARK [2][-]{subsection.3.8}{\376\377\0001\0004\0000\000-\164\006\213\272\135\345\117\134\000:\116\011\154\021\116\073\116\111\124\214\227\151\124\175\145\071\202\157\166\204\217\251\213\272}{section.3}% 140
\BOOKMARK [2][-]{subsection.3.9}{\376\377\0001\0004\0001\000-\153\146\146\014\215\167\116\111\116\016\134\001\136\372\136\035\122\066\166\204\211\206\160\155}{section.3}% 141
\BOOKMARK [2][-]{subsection.3.10}{\376\377\0001\0004\0002\000-\127\037\127\060\145\071\227\151\116\016\173\054\116\214\147\141\142\030\176\277}{section.3}% 142
\BOOKMARK [2][-]{subsection.3.11}{\376\377\0001\0004\0003\000-\145\260\154\021\116\073\116\073\116\111\227\151\124\175\200\334\122\051\166\204\123\237\126\340\124\214\127\372\147\054\176\317\232\214}{section.3}% 143
\BOOKMARK [2][-]{subsection.3.12}{\376\377\0001\0004\0004\000-\116\055\121\161\121\153\131\047}{section.3}% 144
\BOOKMARK [2][-]{subsection.3.13}{\376\377\0001\0004\0005\000-\060\012\213\272\123\101\131\047\121\163\174\373\060\013\124\214\060\012\121\163\116\216\153\143\170\156\131\004\164\006\116\272\154\021\121\205\220\350\167\333\166\376\166\204\225\356\230\230\060\013}{section.3}% 145
\BOOKMARK [2][-]{subsection.3.14}{\376\377\0001\0004\0006\000-\145\164\230\316\116\016\123\315\123\363\145\227\116\211}{section.3}% 146
\BOOKMARK [2][-]{subsection.3.15}{\376\377\0001\0004\0007\000-\162\354\172\313\166\204\377\014\153\324\217\203\133\214\145\164\166\204\135\345\116\032\117\123\174\373\124\214\126\375\154\021\176\317\155\116\117\123\174\373\166\204\136\372\172\313}{section.3}% 147
\BOOKMARK [1][-]{section.4}{\376\377\377\073\140\035\117\356\154\325\127\372\377\075\140\035\140\363\220\123\137\267\117\356\121\173\116\016\154\325\137\213\127\372\170\100}{}% 148
\BOOKMARK [2][-]{subsection.4.1}{\376\377\0001\0004\0008\000-\150\021\172\313\164\006\140\363\117\341\137\365\377\032\117\341\116\360\116\016\164\006\140\363}{section.4}% 149
\BOOKMARK [2][-]{subsection.4.2}{\376\377\0001\0004\0009\000-\127\050\133\236\215\365\116\055\123\026\164\006\140\363\116\072\163\260\133\236}{section.4}% 150
\BOOKMARK [2][-]{subsection.4.3}{\376\377\0001\0005\0000\000-\162\061\126\375\116\073\116\111\166\204\211\201\154\102\116\016\117\040\176\337}{section.4}% 151
\BOOKMARK [2][-]{subsection.4.4}{\376\377\0001\0005\0001\000-\145\260\145\366\147\037\166\204\162\061\126\375\116\073\116\111\116\016\162\061\126\375\116\073\116\111\166\204\145\366\116\343\116\367\120\074}{section.4}% 152
\BOOKMARK [2][-]{subsection.4.5}{\376\377\0001\0005\0002\000-\154\021\145\317\174\276\171\136\116\016\145\366\116\343\174\276\171\136}{section.4}% 153
\BOOKMARK [2][-]{subsection.4.6}{\376\377\0001\0005\0003\000-\116\272\165\037\211\302\060\001\116\272\165\037\166\356\166\204\060\001\116\272\165\037\140\001\136\246\116\016\116\272\165\037\116\367\120\074}{section.4}% 154
\BOOKMARK [2][-]{subsection.4.7}{\376\377\0001\0005\0004\000-\116\272\165\037\116\367\120\074\123\312\121\166\133\236\163\260}{section.4}% 155
\BOOKMARK [2][-]{subsection.4.8}{\376\377\0001\0005\0005\000-\171\321\133\146\133\371\137\205\116\272\165\037\163\257\130\203}{section.4}% 156
\BOOKMARK [2][-]{subsection.4.9}{\376\377\0001\0005\0006\000-\220\123\137\267\123\312\121\166\117\134\165\050}{section.4}% 157
\BOOKMARK [2][-]{subsection.4.10}{\376\377\0001\0005\0007\000-\116\055\123\116\154\021\145\317\117\040\176\337\220\123\137\267}{section.4}% 158
\BOOKMARK [1][-]{section.5}{\376\377\137\142\122\277\116\016\145\077\173\126\116\345\123\312\137\123\116\343\116\026\165\114\176\317\155\116\116\016\145\077\154\273}{}% 159
\BOOKMARK [2][-]{subsection.5.1}{\376\377\0001\0005\0008\000-\116\026\165\114\140\073\117\123\150\074\134\100\166\204\157\024\123\330}{section.5}% 160
\BOOKMARK [2][-]{subsection.5.2}{\376\377\0001\0005\0009\000-\122\240\137\072\124\214\211\304\203\003\121\132\121\205\145\077\154\273\165\037\155\073\122\240\137\072\124\214\211\304\203\003\121\132\121\205\145\077\154\273\165\037\155\073\377\010\145\260\130\236\377\011}{section.5}% 161
\BOOKMARK [2][-]{subsection.5.3}{\376\377\0001\0006\0001\000-\123\101\147\010\126\375\121\205\145\366\145\077}{section.5}% 162
\BOOKMARK [2][-]{subsection.5.4}{\376\377\0001\0006\0002\000-\0002\0000\0001\0008\136\164\0001\147\010\126\375\226\105\145\366\145\077}{section.5}% 163
\BOOKMARK [2][-]{subsection.5.5}{\376\377\0001\0006\0003\000-\0002\0000\0001\0006\136\164\137\040\117\356\237\120\145\077\154\273\167\037\230\230}{section.5}% 164
\BOOKMARK [2][-]{subsection.5.6}{\376\377\0001\0006\0004\000-\0002\0000\0001\0003\136\164\137\040\117\356\237\120\145\077\154\273\167\037\230\230}{section.5}% 165
\BOOKMARK [2][-]{subsection.5.7}{\376\377\0001\0006\0005\000-\215\104\147\054\116\073\116\111\166\204\123\321\134\125\123\312\215\213\122\277}{section.5}% 166
\BOOKMARK [2][-]{subsection.5.8}{\376\377\0001\0006\0006\000-\171\076\117\032\116\073\116\111\171\076\117\032\166\204\123\321\134\125\123\312\121\166\211\304\137\213}{section.5}% 167
\BOOKMARK [2][-]{subsection.5.9}{\376\377\0001\0006\0007\000-\145\260\154\021\116\073\116\073\116\111\227\151\124\175\164\006\213\272}{section.5}% 168
\BOOKMARK [2][-]{subsection.5.10}{\376\377\0001\0006\0008\000-\171\076\117\032\116\073\116\111\145\071\220\040\164\006\213\272}{section.5}% 169
\BOOKMARK [2][-]{subsection.5.11}{\376\377\0001\0006\0009\000-\171\076\117\032\116\073\116\111\147\054\215\050\124\214\136\372\213\276\116\055\126\375\162\171\202\162\171\076\117\032\116\073\116\111\140\073\116\373\122\241}{section.5}% 170
\BOOKMARK [2][-]{subsection.5.12}{\376\377\0001\0007\0000\000-\171\076\117\032\116\073\116\111\145\071\227\151\137\000\145\076\164\006\213\272}{section.5}% 171
\BOOKMARK [2][-]{subsection.5.13}{\376\377\0001\0007\0001\000-\136\372\213\276\116\055\126\375\162\171\202\162\171\076\117\032\116\073\116\111\140\073\136\003\134\100}{section.5}% 172
\BOOKMARK [2][-]{subsection.5.14}{\376\377\0001\0007\0002\000-\116\055\126\375\162\171\202\162\171\076\117\032\116\073\116\111\131\026\116\244\124\214\126\375\226\105\142\030\165\145}{section.5}% 173
\BOOKMARK [2][-]{subsection.5.15}{\376\377\0001\0007\0003\000-\136\372\213\276\116\055\126\375\162\171\202\162\171\076\117\032\116\073\116\111\166\204\150\071\147\054\166\356\166\204\124\214\117\235\227\140\122\233\221\317\164\006\213\272}{section.5}% 174
\BOOKMARK [2][-]{subsection.5.16}{\376\377\0001\0007\0004\000-\0002\0000\0001\0008\136\164\0001\147\010\126\375\121\205\145\366\116\213}{section.5}% 175
\BOOKMARK [2][-]{subsection.5.17}{\376\377\0001\0007\0005\000-\0002\0000\0001\0008\136\164\0002\147\010\126\375\226\105\145\366\116\213}{section.5}% 176
\BOOKMARK [2][-]{subsection.5.18}{\376\377\0001\0007\0006\000-\0002\0000\0000\0004\136\164\200\003\170\024\145\077\154\273\167\037\230\230\211\343\147\220}{section.5}% 177
\BOOKMARK [2][-]{subsection.5.19}{\376\377\0001\0007\0007\000-\153\333\154\375\116\034\140\035\140\363\166\204\137\142\142\020\116\016\123\321\134\125}{section.5}% 178
\BOOKMARK [2][-]{subsection.5.20}{\376\377\0001\0007\0008\000-\0002\0000\0001\0008\136\164\0004\147\010\126\375\121\205\145\366\116\213}{section.5}% 179
\BOOKMARK [2][-]{subsection.5.21}{\376\377\0001\0007\0009\000-\0002\0000\0001\0008\136\164\0004\147\010\126\375\226\105\145\366\116\213}{section.5}% 180
\BOOKMARK [2][-]{subsection.5.22}{\376\377\0001\0008\0000\000-\0002\0000\0001\0008\136\164\0005\147\010\126\375\226\105\145\366\116\213}{section.5}% 181
\BOOKMARK [2][-]{subsection.5.23}{\376\377\0001\0008\0001\000-\0002\0000\0001\0008\136\164\0006\147\010\126\375\226\105\145\366\116\213}{section.5}% 182
\BOOKMARK [2][-]{subsection.5.24}{\376\377\0001\0008\0002\000-\0002\0000\0001\0008\136\164\0007\147\010\126\375\121\205\145\366\116\213}{section.5}% 183
\BOOKMARK [2][-]{subsection.5.25}{\376\377\0001\0008\0003\000-\0002\0000\0001\0008\136\164\0007\147\010\126\375\226\105\145\366\116\213}{section.5}% 184
\BOOKMARK [2][-]{subsection.5.26}{\376\377\0001\0008\0004\000-\0002\0000\0001\0008\136\164\0008\147\010\126\375\121\205\145\366\116\213}{section.5}% 185
\BOOKMARK [2][-]{subsection.5.27}{\376\377\0001\0008\0005\000-\0002\0000\0001\0008\136\164\0008\147\010\126\375\226\105\145\366\116\213}{section.5}% 186
\BOOKMARK [2][-]{subsection.5.28}{\376\377\0001\0008\0006\000-\0002\0000\0001\0008\136\164\0009\147\010\126\375\121\205\145\366\116\213}{section.5}% 187
\BOOKMARK [2][-]{subsection.5.29}{\376\377\0001\0008\0007\000-\0002\0000\0001\0008\136\164\0009\147\010\126\375\226\105\145\366\116\213}{section.5}% 188
